[debug] [2025-07-21T11:09:50.926Z] ----------------------------------------------------------------------
[debug] [2025-07-21T11:09:50.929Z] Command:       C:\Program Files\nodejs\node.exe C:\Users\YakirPC\AppData\Roaming\npm\node_modules\firebase-tools\lib\bin\firebase.js init
[debug] [2025-07-21T11:09:50.929Z] CLI Version:   14.11.0
[debug] [2025-07-21T11:09:50.929Z] Platform:      win32
[debug] [2025-07-21T11:09:50.930Z] Node Version:  v20.18.0
[debug] [2025-07-21T11:09:50.930Z] Time:          Mon Jul 21 2025 14:09:50 GMT+0300 (שעון ישראל (קיץ))
[debug] [2025-07-21T11:09:50.930Z] ----------------------------------------------------------------------
[debug] 
[debug] [2025-07-21T11:09:50.936Z] > command requires scopes: ["email","openid","https://www.googleapis.com/auth/cloudplatformprojects.readonly","https://www.googleapis.com/auth/firebase","https://www.googleapis.com/auth/cloud-platform"]
[debug] [2025-07-21T11:09:50.936Z] > authorizing via signed-in user (abyakir3@gmail.com)
[info] 
     ######## #### ########  ######## ########     ###     ######  ########
     ##        ##  ##     ## ##       ##     ##  ##   ##  ##       ##
     ######    ##  ########  ######   ########  #########  ######  ######
     ##        ##  ##    ##  ##       ##     ## ##     ##       ## ##
     ##       #### ##     ## ######## ########  ##     ##  ######  ########

You're about to initialize a Firebase project in this directory:

  C:\Users\YakirPC\AnimalCombat

[info] 
=== Project Setup
[info] 
[info] First, let's associate this project directory with a Firebase project.
[info] You can create multiple project aliases by running firebase use --add, 
[info] but for now we'll just set up a default project.
[info] 
[info] i  If you want to create a project in a Google Cloud organization or folder, please use "firebase projects:create" instead, and return to this command when you've created the project. 
[debug] [2025-07-21T11:10:37.445Z] Checked if tokens are valid: true, expires at: 1753099464356
[debug] [2025-07-21T11:10:37.445Z] Checked if tokens are valid: true, expires at: 1753099464356
[debug] [2025-07-21T11:10:37.448Z] >>> [apiv2][query] POST https://firebase.googleapis.com/v1/projects:checkProjectId [none]
[debug] [2025-07-21T11:10:37.448Z] >>> [apiv2][body] POST https://firebase.googleapis.com/v1/projects:checkProjectId {"proposedId":"firestore_animalcombat"}
[debug] [2025-07-21T11:10:37.664Z] <<< [apiv2][status] POST https://firebase.googleapis.com/v1/projects:checkProjectId 400
[debug] [2025-07-21T11:10:37.665Z] <<< [apiv2][body] POST https://firebase.googleapis.com/v1/projects:checkProjectId {"error":{"code":400,"message":"Request contains an invalid argument.","status":"INVALID_ARGUMENT"}}
[debug] [2025-07-21T11:10:37.666Z] Couldn't check if project ID firestore_animalcombat is available. Original error: FirebaseError: Failed to check if project ID is available. See firebase-debug.log for more info.
[debug] [2025-07-21T11:10:51.969Z] Checked if tokens are valid: true, expires at: 1753099464356
[debug] [2025-07-21T11:10:51.969Z] Checked if tokens are valid: true, expires at: 1753099464356
[debug] [2025-07-21T11:10:51.969Z] >>> [apiv2][query] POST https://cloudresourcemanager.googleapis.com/v1/projects [none]
[debug] [2025-07-21T11:10:51.969Z] >>> [apiv2][body] POST https://cloudresourcemanager.googleapis.com/v1/projects {"projectId":"firestore_animalcombat","name":"animalcombat"}
[debug] [2025-07-21T11:10:52.968Z] <<< [apiv2][status] POST https://cloudresourcemanager.googleapis.com/v1/projects 400
[debug] [2025-07-21T11:10:52.969Z] <<< [apiv2][body] POST https://cloudresourcemanager.googleapis.com/v1/projects {"error":{"code":400,"message":"field [project_id] has issue [project_id contains invalid characters]","status":"INVALID_ARGUMENT","details":[{"@type":"type.googleapis.com/google.rpc.BadRequest","fieldViolations":[{"field":"project_id","description":"project_id contains invalid characters"}]},{"@type":"type.googleapis.com/google.rpc.Help","links":[{"url":"https://cloud.google.com/resource-manager/reference/rest/v1/projects"}]}]}}
[debug] [2025-07-21T11:10:53.115Z] FirebaseError: Request to https://cloudresourcemanager.googleapis.com/v1/projects had HTTP Error: 400, field [project_id] has issue [project_id contains invalid characters]
    at responseToError (C:\Users\YakirPC\AppData\Roaming\npm\node_modules\firebase-tools\lib\responseToError.js:52:12)
    at RetryOperation._fn (C:\Users\YakirPC\AppData\Roaming\npm\node_modules\firebase-tools\lib\apiv2.js:312:77)
    at process.processTicksAndRejections (node:internal/process/task_queues:95:5)
[error] 
[error] Error: Failed to create project. See firebase-debug.log for more info.
